  Camera.cpp
C:\Users\aquar\OneDrive\Documents\Repos\gamesprogrammingexample\Rohan-GamesProgrammingProject\Camera.cpp(165,1): fatal error C1010: unexpected end of file while looking for precompiled header. Did you forget to add '#include "pch.h"' to your source?
  Game.cpp
C:\Users\aquar\OneDrive\Documents\Repos\gamesprogrammingexample\Rohan-GamesProgrammingProject\SimpleShader.h(104,44): warning C4267: 'return': conversion from 'size_t' to 'unsigned int', possible loss of data
C:\Users\aquar\OneDrive\Documents\Repos\gamesprogrammingexample\Rohan-GamesProgrammingProject\SimpleShader.h(108,33): warning C4267: 'return': conversion from 'size_t' to 'unsigned int', possible loss of data
C:\Users\aquar\OneDrive\Documents\Repos\gamesprogrammingexample\Rohan-GamesProgrammingProject\Game.cpp(121,11): warning C4189: 'totalTime': local variable is initialized but not referenced
C:\Users\aquar\OneDrive\Documents\Repos\gamesprogrammingexample\Rohan-GamesProgrammingProject\Game.cpp(190): warning C4238: nonstandard extension used: class rvalue used as lvalue
C:\Users\aquar\OneDrive\Documents\Repos\gamesprogrammingexample\Rohan-GamesProgrammingProject\Game.cpp(190,67): warning C4238: nonstandard extension used: class rvalue used as lvalue
C:\Users\aquar\OneDrive\Documents\Repos\gamesprogrammingexample\Rohan-GamesProgrammingProject\Game.cpp(197,7): warning C4189: 'offset': local variable is initialized but not referenced
C:\Users\aquar\OneDrive\Documents\Repos\gamesprogrammingexample\Rohan-GamesProgrammingProject\Game.cpp(196,7): warning C4189: 'stride': local variable is initialized but not referenced
C:\Users\aquar\OneDrive\Documents\Repos\gamesprogrammingexample\Rohan-GamesProgrammingProject\Game.cpp(247,17): warning C4244: 'initializing': conversion from 'LONG' to 'float', possible loss of data
C:\Users\aquar\OneDrive\Documents\Repos\gamesprogrammingexample\Rohan-GamesProgrammingProject\Game.cpp(248,18): warning C4244: 'initializing': conversion from 'LONG' to 'float', possible loss of data
C:\Users\aquar\OneDrive\Documents\Repos\gamesprogrammingexample\Rohan-GamesProgrammingProject\Game.cpp(453,23): warning C4189: 'context': local variable is initialized but not referenced
C:\Users\aquar\OneDrive\Documents\Repos\gamesprogrammingexample\Rohan-GamesProgrammingProject\Game.cpp(668,24): warning C4018: '<': signed/unsigned mismatch
C:\Users\aquar\OneDrive\Documents\Repos\gamesprogrammingexample\Rohan-GamesProgrammingProject\Game.cpp(677,21): warning C4244: 'initializing': conversion from 'double' to 'unsigned int', possible loss of data
C:\Users\aquar\OneDrive\Documents\Repos\gamesprogrammingexample\Rohan-GamesProgrammingProject\Game.cpp(678,22): warning C4244: 'initializing': conversion from 'double' to 'unsigned int', possible loss of data
C:\Users\aquar\OneDrive\Documents\Repos\gamesprogrammingexample\Rohan-GamesProgrammingProject\Game.cpp(681,26): warning C4244: '=': conversion from 'unsigned int' to 'FLOAT', possible loss of data
C:\Users\aquar\OneDrive\Documents\Repos\gamesprogrammingexample\Rohan-GamesProgrammingProject\Game.cpp(682,27): warning C4244: '=': conversion from 'unsigned int' to 'FLOAT', possible loss of data
C:\Users\aquar\OneDrive\Documents\Repos\gamesprogrammingexample\Rohan-GamesProgrammingProject\Game.cpp(894,17): warning C4244: 'initializing': conversion from 'LONG' to 'float', possible loss of data
C:\Users\aquar\OneDrive\Documents\Repos\gamesprogrammingexample\Rohan-GamesProgrammingProject\Game.cpp(895,18): warning C4244: 'initializing': conversion from 'LONG' to 'float', possible loss of data
C:\Users\aquar\OneDrive\Documents\Repos\gamesprogrammingexample\Rohan-GamesProgrammingProject\Game.cpp(1001,17): warning C4244: 'initializing': conversion from 'LONG' to 'float', possible loss of data
C:\Users\aquar\OneDrive\Documents\Repos\gamesprogrammingexample\Rohan-GamesProgrammingProject\Game.cpp(1002,18): warning C4244: 'initializing': conversion from 'LONG' to 'float', possible loss of data
  GameEntity.cpp
C:\Users\aquar\OneDrive\Documents\Repos\gamesprogrammingexample\Rohan-GamesProgrammingProject\GameEntity.cpp(49,1): fatal error C1010: unexpected end of file while looking for precompiled header. Did you forget to add '#include "pch.h"' to your source?
  Main.cpp
C:\Users\aquar\OneDrive\Documents\Repos\gamesprogrammingexample\Rohan-GamesProgrammingProject\SimpleShader.h(104,44): warning C4267: 'return': conversion from 'size_t' to 'unsigned int', possible loss of data
C:\Users\aquar\OneDrive\Documents\Repos\gamesprogrammingexample\Rohan-GamesProgrammingProject\SimpleShader.h(108,33): warning C4267: 'return': conversion from 'size_t' to 'unsigned int', possible loss of data
  Material.cpp
C:\Users\aquar\OneDrive\Documents\Repos\gamesprogrammingexample\Rohan-GamesProgrammingProject\Material.cpp(52,1): fatal error C1010: unexpected end of file while looking for precompiled header. Did you forget to add '#include "pch.h"' to your source?
  Mesh.cpp
C:\Users\aquar\OneDrive\Documents\Repos\gamesprogrammingexample\Rohan-GamesProgrammingProject\Mesh.cpp(300,1): fatal error C1010: unexpected end of file while looking for precompiled header. Did you forget to add '#include "pch.h"' to your source?
  Render.cpp
C:\Users\aquar\OneDrive\Documents\Repos\gamesprogrammingexample\Rohan-GamesProgrammingProject\Render.cpp(179,1): fatal error C1010: unexpected end of file while looking for precompiled header. Did you forget to add '#include "pch.h"' to your source?
  SimpleShader.cpp
C:\Users\aquar\OneDrive\Documents\Repos\gamesprogrammingexample\Rohan-GamesProgrammingProject\SimpleShader.cpp(1698,1): fatal error C1010: unexpected end of file while looking for precompiled header. Did you forget to add '#include "pch.h"' to your source?
  Generating Code...
